\BOOKMARK [0][-]{chapter.1}{Wstep}{}% 1
\BOOKMARK [0][-]{chapter.2}{Blockchain}{}% 2
\BOOKMARK [1][-]{section.2.1}{Architektura Blockchain}{chapter.2}% 3
\BOOKMARK [2][-]{subsection.2.1.1}{\225ancuch blok\363w}{section.2.1}% 4
\BOOKMARK [2][-]{subsection.2.1.2}{Sieci Peer-to-peer}{section.2.1}% 5
\BOOKMARK [2][-]{subsection.2.1.3}{Konsensus}{section.2.1}% 6
\BOOKMARK [2][-]{subsection.2.1.4}{Funkcja skr\363tu}{section.2.1}% 7
\BOOKMARK [2][-]{subsection.2.1.5}{Smart kontrakty}{section.2.1}% 8
\BOOKMARK [1][-]{section.2.2}{Technologia Blockchain na rynku}{chapter.2}% 9
\BOOKMARK [2][-]{subsection.2.2.1}{Kryptowaluty}{section.2.2}% 10
\BOOKMARK [2][-]{subsection.2.2.2}{Finanse}{section.2.2}% 11
\BOOKMARK [2][-]{subsection.2.2.3}{Internet of Things}{section.2.2}% 12
\BOOKMARK [0][-]{chapter.3}{E-voting}{}% 13
\BOOKMARK [1][-]{section.3.1}{System estonski}{chapter.3}% 14
\BOOKMARK [2][-]{subsection.3.1.1}{Przeglad rozwiazania}{section.3.1}% 15
\BOOKMARK [1][-]{section.3.2}{Evoting w Walnych Zgromadzeniach}{chapter.3}% 16
\BOOKMARK [0][-]{chapter.4}{Wymagania systemu i wykorzystane narzedzia}{}% 17
\BOOKMARK [1][-]{section.4.1}{Wymagania niefunkcjonalne}{chapter.4}% 18
\BOOKMARK [1][-]{section.4.2}{Wymagania funkcjonalne}{chapter.4}% 19
\BOOKMARK [1][-]{section.4.3}{Diagramy przypadk\363w uzycia}{chapter.4}% 20
\BOOKMARK [1][-]{section.4.4}{Wykorzystane narzedzia i technologie}{chapter.4}% 21
\BOOKMARK [2][-]{subsection.4.4.1}{Interfejs uzytkownika}{section.4.4}% 22
\BOOKMARK [2][-]{subsection.4.4.2}{Serwer}{section.4.4}% 23
\BOOKMARK [2][-]{subsection.4.4.3}{Baza danych}{section.4.4}% 24
\BOOKMARK [2][-]{subsection.4.4.4}{Testowanie}{section.4.4}% 25
\BOOKMARK [2][-]{subsection.4.4.5}{Metodyka pracy}{section.4.4}% 26
\BOOKMARK [0][-]{chapter.5}{Specyfikacja zewnetrzna}{}% 27
\BOOKMARK [1][-]{section.5.1}{Instalacja}{chapter.5}% 28
\BOOKMARK [2][-]{subsection.5.1.1}{Instalacja dla Windows i MacOS}{section.5.1}% 29
\BOOKMARK [2][-]{subsection.5.1.2}{Instalacja dla Linux}{section.5.1}% 30
\BOOKMARK [1][-]{section.5.2}{Struktura oprogramowania}{chapter.5}% 31
\BOOKMARK [1][-]{section.5.3}{Uruchamianie modu\233\363w}{chapter.5}% 32
\BOOKMARK [1][-]{section.5.4}{Aplikacja administratora}{chapter.5}% 33
\BOOKMARK [2][-]{subsection.5.4.1}{Logowanie}{section.5.4}% 34
\BOOKMARK [2][-]{subsection.5.4.2}{Lista wyborc\363w}{section.5.4}% 35
\BOOKMARK [2][-]{subsection.5.4.3}{Konfiguracja sieci Blockchain}{section.5.4}% 36
\BOOKMARK [2][-]{subsection.5.4.4}{Lista wybor\363w}{section.5.4}% 37
\BOOKMARK [2][-]{subsection.5.4.5}{Konfiguracja wybor\363w}{section.5.4}% 38
\BOOKMARK [2][-]{subsection.5.4.6}{Nadzorowanie wybor\363w}{section.5.4}% 39
\BOOKMARK [1][-]{section.5.5}{Aplikacja uzytkownika}{chapter.5}% 40
\BOOKMARK [2][-]{subsection.5.5.1}{Logowanie}{section.5.5}% 41
\BOOKMARK [2][-]{subsection.5.5.2}{Instrukcja obs\233ugi}{section.5.5}% 42
\BOOKMARK [2][-]{subsection.5.5.3}{G\233osowanie}{section.5.5}% 43
\BOOKMARK [2][-]{subsection.5.5.4}{Wyniki}{section.5.5}% 44
\BOOKMARK [0][-]{chapter.6}{Specyfikacja wewnetrzna}{}% 45
\BOOKMARK [1][-]{section.6.1}{Architektura systemu}{chapter.6}% 46
\BOOKMARK [2][-]{subsection.6.1.1}{Architektura pe\233nego systemu}{section.6.1}% 47
\BOOKMARK [2][-]{subsection.6.1.2}{Architektura sieci Blockchain}{section.6.1}% 48
\BOOKMARK [1][-]{section.6.2}{Struktury danych}{chapter.6}% 49
\BOOKMARK [2][-]{subsection.6.2.1}{\225ancuch blok\363w}{section.6.2}% 50
\BOOKMARK [2][-]{subsection.6.2.2}{Baza danych}{section.6.2}% 51
\BOOKMARK [1][-]{section.6.3}{Algorytmy}{chapter.6}% 52
\BOOKMARK [2][-]{subsection.6.3.1}{Proof of Work}{section.6.3}% 53
\BOOKMARK [2][-]{subsection.6.3.2}{Proof of Authority}{section.6.3}% 54
\BOOKMARK [1][-]{section.6.4}{Zastosowane wzorce projektowe}{chapter.6}% 55
\BOOKMARK [2][-]{subsection.6.4.1}{Singleton}{section.6.4}% 56
\BOOKMARK [2][-]{subsection.6.4.2}{Repozytorium}{section.6.4}% 57
\BOOKMARK [2][-]{subsection.6.4.3}{Strategia}{section.6.4}% 58
\BOOKMARK [2][-]{subsection.6.4.4}{Redux}{section.6.4}% 59
\BOOKMARK [0][-]{chapter.7}{Weryfikacja i walidacja}{}% 60
\BOOKMARK [1][-]{section.7.1}{Testowanie aplikacji serwerowych}{chapter.7}% 61
\BOOKMARK [1][-]{section.7.2}{Testowanie aplikacji przegladarkowych}{chapter.7}% 62
\BOOKMARK [0][-]{chapter.8}{Podsumowanie i wnioski}{}% 63
