This is pdfTeX, Version 3.14159265-2.6-1.40.21 (MiKTeX 20.11) (preloaded format=pdflatex 2020.11.22)  30 DEC 2020 22:49
entering extended mode
**f:/Praca-in콮ynierska/e-voting/dokumentacja/main.tex
(f:/Praca-in콮ynierska/e-voting/dokumentacja/main.tex
LaTeX2e <2020-10-01> patch level 2
L3 programming layer <2020-10-27> xparse <2020-03-03> (C:\Users\Kamil\AppData\Local\Programs\MiKTeX\tex/latex/base\book.cls
Document Class: book 2020/04/10 v1.4m Standard LaTeX document class
(C:\Users\Kamil\AppData\Local\Programs\MiKTeX\tex/latex/base\bk12.clo
File: bk12.clo 2020/04/10 v1.4m Standard LaTeX file (size option)
)
\c@part=\count175
\c@chapter=\count176
\c@section=\count177
\c@subsection=\count178
\c@subsubsection=\count179
\c@paragraph=\count180
\c@subparagraph=\count181
\c@figure=\count182
\c@table=\count183
\abovecaptionskip=\skip47
\belowcaptionskip=\skip48
\bibindent=\dimen138
) (C:\Users\Kamil\AppData\Local\Programs\MiKTeX\tex/latex/polski\polski.sty
Package: polski 2017/05/04 v1.3.4 Polish language package

   Switching to Polish text encoding and Polish maths fonts.
(C:\Users\Kamil\AppData\Local\Programs\MiKTeX\tex/latex/base\ot4enc.def
File: ot4enc.def 2020/08/10 v2.0s Standard LaTeX file
Now handling font encoding OT4 ...
... no UTF-8 mapping file for font encoding OT4
)
LaTeX Font Info:    Trying to load font information for OT4+cmr on input line 360.
 (C:\Users\Kamil\AppData\Local\Programs\MiKTeX\tex/latex/polski\ot4cmr.fd
File: ot4cmr.fd 2008/02/24 v1.2.1 Font defs for fonts PL (MW)
)
LaTeX Font Info:    Overwriting math alphabet `\mathbf' in version `normal'
(Font)                  OT1/cmr/bx/n --> OT4/cmr/bx/n on input line 360.
LaTeX Font Info:    Overwriting math alphabet `\mathsf' in version `normal'
(Font)                  OT1/cmss/m/n --> OT4/cmss/m/n on input line 360.
LaTeX Font Info:    Overwriting math alphabet `\mathit' in version `normal'
(Font)                  OT1/cmr/m/it --> OT4/cmr/m/it on input line 360.
LaTeX Font Info:    Overwriting math alphabet `\mathtt' in version `normal'
(Font)                  OT1/cmtt/m/n --> OT4/cmtt/m/n on input line 360.
LaTeX Font Info:    Overwriting math alphabet `\mathsf' in version `bold'
(Font)                  OT1/cmss/bx/n --> OT4/cmss/bx/n on input line 360.
LaTeX Font Info:    Overwriting math alphabet `\mathit' in version `bold'
(Font)                  OT1/cmr/bx/it --> OT4/cmr/bx/it on input line 360.
LaTeX Font Info:    Encoding `OT1' has changed to `OT4' for symbol font
(Font)              `operators' in the math version `normal' on input line 360.
LaTeX Font Info:    Overwriting symbol font `operators' in version `normal'
(Font)                  OT1/cmr/m/n --> OT4/cmr/m/n on input line 360.
LaTeX Font Info:    Overwriting symbol font `letters' in version `normal'
(Font)                  OML/cmm/m/it --> OML/plm/m/it on input line 360.
LaTeX Font Info:    Overwriting symbol font `symbols' in version `normal'
(Font)                  OMS/cmsy/m/n --> OMS/plsy/m/n on input line 360.
LaTeX Font Info:    Overwriting symbol font `largesymbols' in version `normal'
(Font)                  OMX/cmex/m/n --> OMX/plex/m/n on input line 360.
LaTeX Font Info:    Encoding `OT1' has changed to `OT4' for symbol font
(Font)              `operators' in the math version `bold' on input line 360.
LaTeX Font Info:    Overwriting symbol font `operators' in version `bold'
(Font)                  OT1/cmr/bx/n --> OT4/cmr/bx/n on input line 360.
LaTeX Font Info:    Overwriting symbol font `letters' in version `bold'
(Font)                  OML/cmm/b/it --> OML/plm/b/it on input line 360.
LaTeX Font Info:    Overwriting symbol font `symbols' in version `bold'
(Font)                  OMS/cmsy/b/n --> OMS/plsy/b/n on input line 360.
) (C:\Users\Kamil\AppData\Local\Programs\MiKTeX\tex/latex/float\float.sty
Package: float 2001/11/08 v1.3d Float enhancements (AL)
\c@float@type=\count184
\float@exts=\toks15
\float@box=\box47
\@float@everytoks=\toks16
\@floatcapt=\box48
) (C:\Users\Kamil\AppData\Local\Programs\MiKTeX\tex/latex/base\inputenc.sty
Package: inputenc 2020/08/01 v1.3d Input encoding file
\inpenc@prehook=\toks17
\inpenc@posthook=\toks18
) (C:\Users\Kamil\AppData\Local\Programs\MiKTeX\tex/latex/base\fontenc.sty
Package: fontenc 2020/08/10 v2.0s Standard LaTeX package
) (C:\Users\Kamil\AppData\Local\Programs\MiKTeX\tex/latex/geometry\geometry.sty
Package: geometry 2020/01/02 v5.9 Page Geometry
 (C:\Users\Kamil\AppData\Local\Programs\MiKTeX\tex/latex/graphics\keyval.sty
Package: keyval 2014/10/28 v1.15 key=value parser (DPC)
\KV@toks@=\toks19
) (C:\Users\Kamil\AppData\Local\Programs\MiKTeX\tex/generic/iftex\ifvtex.sty
Package: ifvtex 2019/10/25 v1.7 ifvtex legacy package. Use iftex instead.
 (C:\Users\Kamil\AppData\Local\Programs\MiKTeX\tex/generic/iftex\iftex.sty
Package: iftex 2020/03/06 v1.0d TeX engine tests
))
\Gm@cnth=\count185
\Gm@cntv=\count186
\c@Gm@tempcnt=\count187
\Gm@bindingoffset=\dimen139
\Gm@wd@mp=\dimen140
\Gm@odd@mp=\dimen141
\Gm@even@mp=\dimen142
\Gm@layoutwidth=\dimen143
\Gm@layoutheight=\dimen144
\Gm@layouthoffset=\dimen145
\Gm@layoutvoffset=\dimen146
\Gm@dimlist=\toks20
 (C:\Users\Kamil\AppData\Local\Programs\MiKTeX\tex/latex/geometry\geometry.cfg)) (C:\Users\Kamil\AppData\Local\Programs\MiKTeX\tex/latex/fancyhdr\fancyhdr.sty
Package: fancyhdr 2019/01/31 v3.10 Extensive control of page headers and footers
\f@nch@headwidth=\skip49
\f@nch@O@elh=\skip50
\f@nch@O@erh=\skip51
\f@nch@O@olh=\skip52
\f@nch@O@orh=\skip53
\f@nch@O@elf=\skip54
\f@nch@O@erf=\skip55
\f@nch@O@olf=\skip56
\f@nch@O@orf=\skip57
) (C:\Users\Kamil\AppData\Local\Programs\MiKTeX\tex/latex/wrapfig\wrapfig.sty
\wrapoverhang=\dimen147
\WF@size=\dimen148
\c@WF@wrappedlines=\count188
\WF@box=\box49
\WF@everypar=\toks21
Package: wrapfig 2003/01/31  v 3.6
) (C:\Users\Kamil\AppData\Local\Programs\MiKTeX\tex/latex/amsmath\amsmath.sty
Package: amsmath 2020/09/23 v2.17i AMS math features
\@mathmargin=\skip58

For additional information on amsmath, use the `?' option.
(C:\Users\Kamil\AppData\Local\Programs\MiKTeX\tex/latex/amsmath\amstext.sty
Package: amstext 2000/06/29 v2.01 AMS text
 (C:\Users\Kamil\AppData\Local\Programs\MiKTeX\tex/latex/amsmath\amsgen.sty
File: amsgen.sty 1999/11/30 v2.0 generic functions
\@emptytoks=\toks22
\ex@=\dimen149
)) (C:\Users\Kamil\AppData\Local\Programs\MiKTeX\tex/latex/amsmath\amsbsy.sty
Package: amsbsy 1999/11/29 v1.2d Bold Symbols
\pmbraise@=\dimen150
) (C:\Users\Kamil\AppData\Local\Programs\MiKTeX\tex/latex/amsmath\amsopn.sty
Package: amsopn 2016/03/08 v2.02 operator names
)
\inf@bad=\count189
LaTeX Info: Redefining \frac on input line 234.
\uproot@=\count190
\leftroot@=\count191
LaTeX Info: Redefining \overline on input line 399.
\classnum@=\count192
\DOTSCASE@=\count193
LaTeX Info: Redefining \ldots on input line 496.
LaTeX Info: Redefining \dots on input line 499.
LaTeX Info: Redefining \cdots on input line 620.
\Mathstrutbox@=\box50
\strutbox@=\box51
\big@size=\dimen151
LaTeX Font Info:    Redeclaring font encoding OML on input line 743.
LaTeX Font Info:    Redeclaring font encoding OMS on input line 744.
\macc@depth=\count194
\c@MaxMatrixCols=\count195
\dotsspace@=\muskip16
\c@parentequation=\count196
\dspbrk@lvl=\count197
\tag@help=\toks23
\row@=\count198
\column@=\count199
\maxfields@=\count266
\andhelp@=\toks24
\eqnshift@=\dimen152
\alignsep@=\dimen153
\tagshift@=\dimen154
\tagwidth@=\dimen155
\totwidth@=\dimen156
\lineht@=\dimen157
\@envbody=\toks25
\multlinegap=\skip59
\multlinetaggap=\skip60
\mathdisplay@stack=\toks26
LaTeX Info: Redefining \[ on input line 2923.
LaTeX Info: Redefining \] on input line 2924.
) (C:\Users\Kamil\AppData\Local\Programs\MiKTeX\tex/latex/amsfonts\amsfonts.sty
Package: amsfonts 2013/01/14 v3.01 Basic AMSFonts support
\symAMSa=\mathgroup4
\symAMSb=\mathgroup5
LaTeX Font Info:    Redeclaring math symbol \hbar on input line 98.
LaTeX Font Info:    Overwriting math alphabet `\mathfrak' in version `bold'
(Font)                  U/euf/m/n --> U/euf/b/n on input line 106.
) (C:\Users\Kamil\AppData\Local\Programs\MiKTeX\tex/latex/amsfonts\amssymb.sty
Package: amssymb 2013/01/14 v3.01 AMS font symbols
) (C:\Users\Kamil\AppData\Local\Programs\MiKTeX\tex/latex/amscls\amsthm.sty
Package: amsthm 2020/05/29 v2.20.6
\thm@style=\toks27
\thm@bodyfont=\toks28
\thm@headfont=\toks29
\thm@notefont=\toks30
\thm@headpunct=\toks31
\thm@preskip=\skip61
\thm@postskip=\skip62
\thm@headsep=\skip63
\dth@everypar=\toks32
) (C:\Users\Kamil\AppData\Local\Programs\MiKTeX\tex/generic/babel\babel.sty
Package: babel 2020/10/27 3.51 The Babel package
 (C:\Users\Kamil\AppData\Local\Programs\MiKTeX\tex/generic/babel\babel.def
File: babel.def 2020/10/27 3.51 Babel common definitions
\babel@savecnt=\count267
\U@D=\dimen158
\l@babelnohyphens=\language79
 (C:\Users\Kamil\AppData\Local\Programs\MiKTeX\tex/generic/babel\txtbabel.def)
\bbl@readstream=\read2
)
\bbl@dirlevel=\count268

*************************************
* Local config file bblopts.cfg used
*
(C:\Users\Kamil\AppData\Local\Programs\MiKTeX\tex/latex/arabi\bblopts.cfg
File: bblopts.cfg 2005/09/08 v0.1 add Arabic and Farsi to "declared" options of babel
) (C:\Users\Kamil\AppData\Local\Programs\MiKTeX\tex/latex/babel-english\british.ldf
Language: british 2017/06/06 v3.3r English support from the babel system
 (C:\Users\Kamil\AppData\Local\Programs\MiKTeX\tex/latex/babel-english\english.ldf
Language: english 2017/06/06 v3.3r English support from the babel system
Package babel Info: \l@canadian = using hyphenrules for english
(babel)             (\language0) on input line 102.
Package babel Info: \l@australian = using hyphenrules for ukenglish
(babel)             (\language73) on input line 105.
Package babel Info: \l@newzealand = using hyphenrules for ukenglish
(babel)             (\language73) on input line 108.
)) (C:\Users\Kamil\AppData\Local\Programs\MiKTeX\tex/latex/babel-polish\polish.ldf
Language: polish 2005/03/31 v1.2l Polish support from the babel system
Package babel Info: Making " an active character on input line 83.
\pl@left=\dimen159
\pl@down=\dimen160
\pl@right=\dimen161
\pl@temp=\dimen162
)) (C:\Users\Kamil\AppData\Local\Programs\MiKTeX\tex/latex/tools\indentfirst.sty
Package: indentfirst 1995/11/23 v1.03 Indent first paragraph (DPC)
) (C:\Users\Kamil\AppData\Local\Programs\MiKTeX\tex/latex/lm\lmodern.sty
Package: lmodern 2009/10/30 v1.6 Latin Modern Fonts
LaTeX Font Info:    Encoding `OT4' has changed to `OT1' for symbol font
(Font)              `operators' in the math version `normal' on input line 22.
LaTeX Font Info:    Overwriting symbol font `operators' in version `normal'
(Font)                  OT4/cmr/m/n --> OT1/lmr/m/n on input line 22.
LaTeX Font Info:    Overwriting symbol font `letters' in version `normal'
(Font)                  OML/plm/m/it --> OML/lmm/m/it on input line 23.
LaTeX Font Info:    Overwriting symbol font `symbols' in version `normal'
(Font)                  OMS/plsy/m/n --> OMS/lmsy/m/n on input line 24.
LaTeX Font Info:    Overwriting symbol font `largesymbols' in version `normal'
(Font)                  OMX/plex/m/n --> OMX/lmex/m/n on input line 25.
LaTeX Font Info:    Encoding `OT4' has changed to `OT1' for symbol font
(Font)              `operators' in the math version `bold' on input line 26.
LaTeX Font Info:    Overwriting symbol font `operators' in version `bold'
(Font)                  OT4/cmr/bx/n --> OT1/lmr/bx/n on input line 26.
LaTeX Font Info:    Overwriting symbol font `letters' in version `bold'
(Font)                  OML/plm/b/it --> OML/lmm/b/it on input line 27.
LaTeX Font Info:    Overwriting symbol font `symbols' in version `bold'
(Font)                  OMS/plsy/b/n --> OMS/lmsy/b/n on input line 28.
LaTeX Font Info:    Overwriting symbol font `largesymbols' in version `bold'
(Font)                  OMX/cmex/m/n --> OMX/lmex/m/n on input line 29.
LaTeX Font Info:    Overwriting math alphabet `\mathbf' in version `normal'
(Font)                  OT4/cmr/bx/n --> OT1/lmr/bx/n on input line 31.
LaTeX Font Info:    Overwriting math alphabet `\mathsf' in version `normal'
(Font)                  OT4/cmss/m/n --> OT1/lmss/m/n on input line 32.
LaTeX Font Info:    Overwriting math alphabet `\mathit' in version `normal'
(Font)                  OT4/cmr/m/it --> OT1/lmr/m/it on input line 33.
LaTeX Font Info:    Overwriting math alphabet `\mathtt' in version `normal'
(Font)                  OT4/cmtt/m/n --> OT1/lmtt/m/n on input line 34.
LaTeX Font Info:    Overwriting math alphabet `\mathbf' in version `bold'
(Font)                  OT1/cmr/bx/n --> OT1/lmr/bx/n on input line 35.
LaTeX Font Info:    Overwriting math alphabet `\mathsf' in version `bold'
(Font)                  OT4/cmss/bx/n --> OT1/lmss/bx/n on input line 36.
LaTeX Font Info:    Overwriting math alphabet `\mathit' in version `bold'
(Font)                  OT4/cmr/bx/it --> OT1/lmr/bx/it on input line 37.
LaTeX Font Info:    Overwriting math alphabet `\mathtt' in version `bold'
(Font)                  OT1/cmtt/m/n --> OT1/lmtt/m/n on input line 38.
) (C:\Users\Kamil\AppData\Local\Programs\MiKTeX\tex/latex/graphics\graphicx.sty
Package: graphicx 2020/09/09 v1.2b Enhanced LaTeX Graphics (DPC,SPQR)
 (C:\Users\Kamil\AppData\Local\Programs\MiKTeX\tex/latex/graphics\graphics.sty
Package: graphics 2020/08/30 v1.4c Standard LaTeX Graphics (DPC,SPQR)
 (C:\Users\Kamil\AppData\Local\Programs\MiKTeX\tex/latex/graphics\trig.sty
Package: trig 2016/01/03 v1.10 sin cos tan (DPC)
) (C:\Users\Kamil\AppData\Local\Programs\MiKTeX\tex/latex/graphics-cfg\graphics.cfg
File: graphics.cfg 2016/06/04 v1.11 sample graphics configuration
)
Package graphics Info: Driver file: pdftex.def on input line 105.
 (C:\Users\Kamil\AppData\Local\Programs\MiKTeX\tex/latex/graphics-def\pdftex.def
File: pdftex.def 2020/10/05 v1.2a Graphics/color driver for pdftex
))
\Gin@req@height=\dimen163
\Gin@req@width=\dimen164
) (C:\Users\Kamil\AppData\Local\Programs\MiKTeX\tex/latex/hyperref\hyperref.sty
Package: hyperref 2020-05-15 v7.00e Hypertext links for LaTeX
 (C:\Users\Kamil\AppData\Local\Programs\MiKTeX\tex/generic/ltxcmds\ltxcmds.sty
Package: ltxcmds 2020-05-10 v1.25 LaTeX kernel commands for general use (HO)
) (C:\Users\Kamil\AppData\Local\Programs\MiKTeX\tex/generic/pdftexcmds\pdftexcmds.sty
Package: pdftexcmds 2020-06-27 v0.33 Utility functions of pdfTeX for LuaTeX (HO)
 (C:\Users\Kamil\AppData\Local\Programs\MiKTeX\tex/generic/infwarerr\infwarerr.sty
Package: infwarerr 2019/12/03 v1.5 Providing info/warning/error messages (HO)
)
Package pdftexcmds Info: \pdf@primitive is available.
Package pdftexcmds Info: \pdf@ifprimitive is available.
Package pdftexcmds Info: \pdfdraftmode found.
) (C:\Users\Kamil\AppData\Local\Programs\MiKTeX\tex/generic/kvsetkeys\kvsetkeys.sty
Package: kvsetkeys 2019/12/15 v1.18 Key value parser (HO)
) (C:\Users\Kamil\AppData\Local\Programs\MiKTeX\tex/generic/kvdefinekeys\kvdefinekeys.sty
Package: kvdefinekeys 2019-12-19 v1.6 Define keys (HO)
) (C:\Users\Kamil\AppData\Local\Programs\MiKTeX\tex/generic/pdfescape\pdfescape.sty
Package: pdfescape 2019/12/09 v1.15 Implements pdfTeX's escape features (HO)
) (C:\Users\Kamil\AppData\Local\Programs\MiKTeX\tex/latex/hycolor\hycolor.sty
Package: hycolor 2020-01-27 v1.10 Color options for hyperref/bookmark (HO)
) (C:\Users\Kamil\AppData\Local\Programs\MiKTeX\tex/latex/letltxmacro\letltxmacro.sty
Package: letltxmacro 2019/12/03 v1.6 Let assignment for LaTeX macros (HO)
) (C:\Users\Kamil\AppData\Local\Programs\MiKTeX\tex/latex/auxhook\auxhook.sty
Package: auxhook 2019-12-17 v1.6 Hooks for auxiliary files (HO)
) (C:\Users\Kamil\AppData\Local\Programs\MiKTeX\tex/latex/kvoptions\kvoptions.sty
Package: kvoptions 2020-10-07 v3.14 Key value format for package options (HO)
)
\@linkdim=\dimen165
\Hy@linkcounter=\count269
\Hy@pagecounter=\count270
 (C:\Users\Kamil\AppData\Local\Programs\MiKTeX\tex/latex/hyperref\pd1enc.def
File: pd1enc.def 2020-05-15 v7.00e Hyperref: PDFDocEncoding definition (HO)
Now handling font encoding PD1 ...
... no UTF-8 mapping file for font encoding PD1
) (C:\Users\Kamil\AppData\Local\Programs\MiKTeX\tex/generic/intcalc\intcalc.sty
Package: intcalc 2019/12/15 v1.3 Expandable calculations with integers (HO)
) (C:\Users\Kamil\AppData\Local\Programs\MiKTeX\tex/generic/etexcmds\etexcmds.sty
Package: etexcmds 2019/12/15 v1.7 Avoid name clashes with e-TeX commands (HO)
)
\Hy@SavedSpaceFactor=\count271
Package hyperref Info: Hyper figures OFF on input line 4464.
Package hyperref Info: Link nesting OFF on input line 4469.
Package hyperref Info: Hyper index ON on input line 4472.
Package hyperref Info: Plain pages OFF on input line 4479.
Package hyperref Info: Backreferencing OFF on input line 4484.
Package hyperref Info: Implicit mode ON; LaTeX internals redefined.
Package hyperref Info: Bookmarks ON on input line 4717.
\c@Hy@tempcnt=\count272
 (C:\Users\Kamil\AppData\Local\Programs\MiKTeX\tex/latex/url\url.sty
\Urlmuskip=\muskip17
Package: url 2013/09/16  ver 3.4  Verb mode for urls, etc.
)
LaTeX Info: Redefining \url on input line 5076.
\XeTeXLinkMargin=\dimen166
 (C:\Users\Kamil\AppData\Local\Programs\MiKTeX\tex/generic/bitset\bitset.sty
Package: bitset 2019/12/09 v1.3 Handle bit-vector datatype (HO)
 (C:\Users\Kamil\AppData\Local\Programs\MiKTeX\tex/generic/bigintcalc\bigintcalc.sty
Package: bigintcalc 2019/12/15 v1.5 Expandable calculations on big integers (HO)
))
\Fld@menulength=\count273
\Field@Width=\dimen167
\Fld@charsize=\dimen168
Package hyperref Info: Hyper figures OFF on input line 6347.
Package hyperref Info: Link nesting OFF on input line 6352.
Package hyperref Info: Hyper index ON on input line 6355.
Package hyperref Info: backreferencing OFF on input line 6362.
Package hyperref Info: Link coloring OFF on input line 6367.
Package hyperref Info: Link coloring with OCG OFF on input line 6372.
Package hyperref Info: PDF/A mode OFF on input line 6377.
LaTeX Info: Redefining \ref on input line 6417.
LaTeX Info: Redefining \pageref on input line 6421.
 (C:\Users\Kamil\AppData\Local\Programs\MiKTeX\tex/latex/base\atbegshi-ltx.sty
Package: atbegshi-ltx 2020/08/17 v1.0a Emulation of the original atbegshi package
with kernel methods
)
\Hy@abspage=\count274
\c@Item=\count275
\c@Hfootnote=\count276
)
Package hyperref Info: Driver (autodetected): hpdftex.
 (C:\Users\Kamil\AppData\Local\Programs\MiKTeX\tex/latex/hyperref\hpdftex.def
File: hpdftex.def 2020-05-15 v7.00e Hyperref driver for pdfTeX
 (C:\Users\Kamil\AppData\Local\Programs\MiKTeX\tex/latex/base\atveryend-ltx.sty
Package: atveryend-ltx 2020/08/19 v1.0a Emulation of the original atvery package
with kernel methods
)
\Fld@listcount=\count277
\c@bookmark@seq@number=\count278
 (C:\Users\Kamil\AppData\Local\Programs\MiKTeX\tex/latex/rerunfilecheck\rerunfilecheck.sty
Package: rerunfilecheck 2019/12/05 v1.9 Rerun checks for auxiliary files (HO)
 (C:\Users\Kamil\AppData\Local\Programs\MiKTeX\tex/generic/uniquecounter\uniquecounter.sty
Package: uniquecounter 2019/12/15 v1.4 Provide unlimited unique counter (HO)
)
Package uniquecounter Info: New unique counter `rerunfilecheck' on input line 286.
)
\Hy@SectionHShift=\skip64
) (C:\Users\Kamil\AppData\Local\Programs\MiKTeX\tex/latex/booktabs\booktabs.sty
Package: booktabs 2020/01/12 v1.61803398 Publication quality tables
\heavyrulewidth=\dimen169
\lightrulewidth=\dimen170
\cmidrulewidth=\dimen171
\belowrulesep=\dimen172
\belowbottomsep=\dimen173
\aboverulesep=\dimen174
\abovetopsep=\dimen175
\cmidrulesep=\dimen176
\cmidrulekern=\dimen177
\defaultaddspace=\dimen178
\@cmidla=\count279
\@cmidlb=\count280
\@aboverulesep=\dimen179
\@belowrulesep=\dimen180
\@thisruleclass=\count281
\@lastruleclass=\count282
\@thisrulewidth=\dimen181
) (C:\Users\Kamil\AppData\Local\Programs\MiKTeX\tex/latex/pgf/frontendlayer\tikz.sty (C:\Users\Kamil\AppData\Local\Programs\MiKTeX\tex/latex/pgf/basiclayer\pgf.sty (C:\Users\Kamil\AppData\Local\Programs\MiKTeX\tex/latex/pgf/utilities\pgfrcs.sty (C:\Users\Kamil\AppData\Local\Programs\MiKTeX\tex/generic/pgf/utilities\pgfutil-common.tex
\pgfutil@everybye=\toks33
\pgfutil@tempdima=\dimen182
\pgfutil@tempdimb=\dimen183
 (C:\Users\Kamil\AppData\Local\Programs\MiKTeX\tex/generic/pgf/utilities\pgfutil-common-lists.tex)) (C:\Users\Kamil\AppData\Local\Programs\MiKTeX\tex/generic/pgf/utilities\pgfutil-latex.def
\pgfutil@abb=\box52
) (C:\Users\Kamil\AppData\Local\Programs\MiKTeX\tex/generic/pgf/utilities\pgfrcs.code.tex (C:\Users\Kamil\AppData\Local\Programs\MiKTeX\tex/generic/pgf\pgf.revision.tex)
Package: pgfrcs 2020/10/01 v3.1.6a (3.1.6a)
))
Package: pgf 2020/10/01 v3.1.6a (3.1.6a)
 (C:\Users\Kamil\AppData\Local\Programs\MiKTeX\tex/latex/pgf/basiclayer\pgfcore.sty (C:\Users\Kamil\AppData\Local\Programs\MiKTeX\tex/latex/pgf/systemlayer\pgfsys.sty (C:\Users\Kamil\AppData\Local\Programs\MiKTeX\tex/generic/pgf/systemlayer\pgfsys.code.tex
Package: pgfsys 2020/10/01 v3.1.6a (3.1.6a)
 (C:\Users\Kamil\AppData\Local\Programs\MiKTeX\tex/generic/pgf/utilities\pgfkeys.code.tex
\pgfkeys@pathtoks=\toks34
\pgfkeys@temptoks=\toks35
 (C:\Users\Kamil\AppData\Local\Programs\MiKTeX\tex/generic/pgf/utilities\pgfkeysfiltered.code.tex
\pgfkeys@tmptoks=\toks36
))
\pgf@x=\dimen184
\pgf@y=\dimen185
\pgf@xa=\dimen186
\pgf@ya=\dimen187
\pgf@xb=\dimen188
\pgf@yb=\dimen189
\pgf@xc=\dimen190
\pgf@yc=\dimen191
\pgf@xd=\dimen192
\pgf@yd=\dimen193
\w@pgf@writea=\write3
\r@pgf@reada=\read3
\c@pgf@counta=\count283
\c@pgf@countb=\count284
\c@pgf@countc=\count285
\c@pgf@countd=\count286
\t@pgf@toka=\toks37
\t@pgf@tokb=\toks38
\t@pgf@tokc=\toks39
\pgf@sys@id@count=\count287
 (C:\Users\Kamil\AppData\Local\Programs\MiKTeX\tex/generic/pgf/systemlayer\pgf.cfg
File: pgf.cfg 2020/10/01 v3.1.6a (3.1.6a)
)
Driver file for pgf: pgfsys-pdftex.def
 (C:\Users\Kamil\AppData\Local\Programs\MiKTeX\tex/generic/pgf/systemlayer\pgfsys-pdftex.def
File: pgfsys-pdftex.def 2020/10/01 v3.1.6a (3.1.6a)
 (C:\Users\Kamil\AppData\Local\Programs\MiKTeX\tex/generic/pgf/systemlayer\pgfsys-common-pdf.def
File: pgfsys-common-pdf.def 2020/10/01 v3.1.6a (3.1.6a)
))) (C:\Users\Kamil\AppData\Local\Programs\MiKTeX\tex/generic/pgf/systemlayer\pgfsyssoftpath.code.tex
File: pgfsyssoftpath.code.tex 2020/10/01 v3.1.6a (3.1.6a)
\pgfsyssoftpath@smallbuffer@items=\count288
\pgfsyssoftpath@bigbuffer@items=\count289
) (C:\Users\Kamil\AppData\Local\Programs\MiKTeX\tex/generic/pgf/systemlayer\pgfsysprotocol.code.tex
File: pgfsysprotocol.code.tex 2020/10/01 v3.1.6a (3.1.6a)
)) (C:\Users\Kamil\AppData\Local\Programs\MiKTeX\tex/latex/xcolor\xcolor.sty
Package: xcolor 2016/05/11 v2.12 LaTeX color extensions (UK)
 (C:\Users\Kamil\AppData\Local\Programs\MiKTeX\tex/latex/graphics-cfg\color.cfg
File: color.cfg 2016/01/02 v1.6 sample color configuration
)
Package xcolor Info: Driver file: pdftex.def on input line 225.
Package xcolor Info: Model `cmy' substituted by `cmy0' on input line 1348.
Package xcolor Info: Model `hsb' substituted by `rgb' on input line 1352.
Package xcolor Info: Model `RGB' extended on input line 1364.
Package xcolor Info: Model `HTML' substituted by `rgb' on input line 1366.
Package xcolor Info: Model `Hsb' substituted by `hsb' on input line 1367.
Package xcolor Info: Model `tHsb' substituted by `hsb' on input line 1368.
Package xcolor Info: Model `HSB' substituted by `hsb' on input line 1369.
Package xcolor Info: Model `Gray' substituted by `gray' on input line 1370.
Package xcolor Info: Model `wave' substituted by `hsb' on input line 1371.
) (C:\Users\Kamil\AppData\Local\Programs\MiKTeX\tex/generic/pgf/basiclayer\pgfcore.code.tex
Package: pgfcore 2020/10/01 v3.1.6a (3.1.6a)
 (C:\Users\Kamil\AppData\Local\Programs\MiKTeX\tex/generic/pgf/math\pgfmath.code.tex (C:\Users\Kamil\AppData\Local\Programs\MiKTeX\tex/generic/pgf/math\pgfmathcalc.code.tex (C:\Users\Kamil\AppData\Local\Programs\MiKTeX\tex/generic/pgf/math\pgfmathutil.code.tex) (C:\Users\Kamil\AppData\Local\Programs\MiKTeX\tex/generic/pgf/math\pgfmathparser.code.tex
\pgfmath@dimen=\dimen194
\pgfmath@count=\count290
\pgfmath@box=\box53
\pgfmath@toks=\toks40
\pgfmath@stack@operand=\toks41
\pgfmath@stack@operation=\toks42
) (C:\Users\Kamil\AppData\Local\Programs\MiKTeX\tex/generic/pgf/math\pgfmathfunctions.code.tex (C:\Users\Kamil\AppData\Local\Programs\MiKTeX\tex/generic/pgf/math\pgfmathfunctions.basic.code.tex) (C:\Users\Kamil\AppData\Local\Programs\MiKTeX\tex/generic/pgf/math\pgfmathfunctions.trigonometric.code.tex) (C:\Users\Kamil\AppData\Local\Programs\MiKTeX\tex/generic/pgf/math\pgfmathfunctions.random.code.tex) (C:\Users\Kamil\AppData\Local\Programs\MiKTeX\tex/generic/pgf/math\pgfmathfunctions.comparison.code.tex) (C:\Users\Kamil\AppData\Local\Programs\MiKTeX\tex/generic/pgf/math\pgfmathfunctions.base.code.tex) (C:\Users\Kamil\AppData\Local\Programs\MiKTeX\tex/generic/pgf/math\pgfmathfunctions.round.code.tex) (C:\Users\Kamil\AppData\Local\Programs\MiKTeX\tex/generic/pgf/math\pgfmathfunctions.misc.code.tex) (C:\Users\Kamil\AppData\Local\Programs\MiKTeX\tex/generic/pgf/math\pgfmathfunctions.integerarithmetics.code.tex))) (C:\Users\Kamil\AppData\Local\Programs\MiKTeX\tex/generic/pgf/math\pgfmathfloat.code.tex
\c@pgfmathroundto@lastzeros=\count291
)) (C:\Users\Kamil\AppData\Local\Programs\MiKTeX\tex/generic/pgf/math\pgfint.code.tex) (C:\Users\Kamil\AppData\Local\Programs\MiKTeX\tex/generic/pgf/basiclayer\pgfcorepoints.code.tex
File: pgfcorepoints.code.tex 2020/10/01 v3.1.6a (3.1.6a)
\pgf@picminx=\dimen195
\pgf@picmaxx=\dimen196
\pgf@picminy=\dimen197
\pgf@picmaxy=\dimen198
\pgf@pathminx=\dimen199
\pgf@pathmaxx=\dimen256
\pgf@pathminy=\dimen257
\pgf@pathmaxy=\dimen258
\pgf@xx=\dimen259
\pgf@xy=\dimen260
\pgf@yx=\dimen261
\pgf@yy=\dimen262
\pgf@zx=\dimen263
\pgf@zy=\dimen264
) (C:\Users\Kamil\AppData\Local\Programs\MiKTeX\tex/generic/pgf/basiclayer\pgfcorepathconstruct.code.tex
File: pgfcorepathconstruct.code.tex 2020/10/01 v3.1.6a (3.1.6a)
\pgf@path@lastx=\dimen265
\pgf@path@lasty=\dimen266
) (C:\Users\Kamil\AppData\Local\Programs\MiKTeX\tex/generic/pgf/basiclayer\pgfcorepathusage.code.tex
File: pgfcorepathusage.code.tex 2020/10/01 v3.1.6a (3.1.6a)
\pgf@shorten@end@additional=\dimen267
\pgf@shorten@start@additional=\dimen268
) (C:\Users\Kamil\AppData\Local\Programs\MiKTeX\tex/generic/pgf/basiclayer\pgfcorescopes.code.tex
File: pgfcorescopes.code.tex 2020/10/01 v3.1.6a (3.1.6a)
\pgfpic=\box54
\pgf@hbox=\box55
\pgf@layerbox@main=\box56
\pgf@picture@serial@count=\count292
) (C:\Users\Kamil\AppData\Local\Programs\MiKTeX\tex/generic/pgf/basiclayer\pgfcoregraphicstate.code.tex
File: pgfcoregraphicstate.code.tex 2020/10/01 v3.1.6a (3.1.6a)
\pgflinewidth=\dimen269
) (C:\Users\Kamil\AppData\Local\Programs\MiKTeX\tex/generic/pgf/basiclayer\pgfcoretransformations.code.tex
File: pgfcoretransformations.code.tex 2020/10/01 v3.1.6a (3.1.6a)
\pgf@pt@x=\dimen270
\pgf@pt@y=\dimen271
\pgf@pt@temp=\dimen272
) (C:\Users\Kamil\AppData\Local\Programs\MiKTeX\tex/generic/pgf/basiclayer\pgfcorequick.code.tex
File: pgfcorequick.code.tex 2020/10/01 v3.1.6a (3.1.6a)
) (C:\Users\Kamil\AppData\Local\Programs\MiKTeX\tex/generic/pgf/basiclayer\pgfcoreobjects.code.tex
File: pgfcoreobjects.code.tex 2020/10/01 v3.1.6a (3.1.6a)
) (C:\Users\Kamil\AppData\Local\Programs\MiKTeX\tex/generic/pgf/basiclayer\pgfcorepathprocessing.code.tex
File: pgfcorepathprocessing.code.tex 2020/10/01 v3.1.6a (3.1.6a)
) (C:\Users\Kamil\AppData\Local\Programs\MiKTeX\tex/generic/pgf/basiclayer\pgfcorearrows.code.tex
File: pgfcorearrows.code.tex 2020/10/01 v3.1.6a (3.1.6a)
\pgfarrowsep=\dimen273
) (C:\Users\Kamil\AppData\Local\Programs\MiKTeX\tex/generic/pgf/basiclayer\pgfcoreshade.code.tex
File: pgfcoreshade.code.tex 2020/10/01 v3.1.6a (3.1.6a)
\pgf@max=\dimen274
\pgf@sys@shading@range@num=\count293
\pgf@shadingcount=\count294
) (C:\Users\Kamil\AppData\Local\Programs\MiKTeX\tex/generic/pgf/basiclayer\pgfcoreimage.code.tex
File: pgfcoreimage.code.tex 2020/10/01 v3.1.6a (3.1.6a)
 (C:\Users\Kamil\AppData\Local\Programs\MiKTeX\tex/generic/pgf/basiclayer\pgfcoreexternal.code.tex
File: pgfcoreexternal.code.tex 2020/10/01 v3.1.6a (3.1.6a)
\pgfexternal@startupbox=\box57
)) (C:\Users\Kamil\AppData\Local\Programs\MiKTeX\tex/generic/pgf/basiclayer\pgfcorelayers.code.tex
File: pgfcorelayers.code.tex 2020/10/01 v3.1.6a (3.1.6a)
) (C:\Users\Kamil\AppData\Local\Programs\MiKTeX\tex/generic/pgf/basiclayer\pgfcoretransparency.code.tex
File: pgfcoretransparency.code.tex 2020/10/01 v3.1.6a (3.1.6a)
) (C:\Users\Kamil\AppData\Local\Programs\MiKTeX\tex/generic/pgf/basiclayer\pgfcorepatterns.code.tex
File: pgfcorepatterns.code.tex 2020/10/01 v3.1.6a (3.1.6a)
) (C:\Users\Kamil\AppData\Local\Programs\MiKTeX\tex/generic/pgf/basiclayer\pgfcorerdf.code.tex
File: pgfcorerdf.code.tex 2020/10/01 v3.1.6a (3.1.6a)
))) (C:\Users\Kamil\AppData\Local\Programs\MiKTeX\tex/generic/pgf/modules\pgfmoduleshapes.code.tex
File: pgfmoduleshapes.code.tex 2020/10/01 v3.1.6a (3.1.6a)
\pgfnodeparttextbox=\box58
) (C:\Users\Kamil\AppData\Local\Programs\MiKTeX\tex/generic/pgf/modules\pgfmoduleplot.code.tex
File: pgfmoduleplot.code.tex 2020/10/01 v3.1.6a (3.1.6a)
) (C:\Users\Kamil\AppData\Local\Programs\MiKTeX\tex/latex/pgf/compatibility\pgfcomp-version-0-65.sty
Package: pgfcomp-version-0-65 2020/10/01 v3.1.6a (3.1.6a)
\pgf@nodesepstart=\dimen275
\pgf@nodesepend=\dimen276
) (C:\Users\Kamil\AppData\Local\Programs\MiKTeX\tex/latex/pgf/compatibility\pgfcomp-version-1-18.sty
Package: pgfcomp-version-1-18 2020/10/01 v3.1.6a (3.1.6a)
)) (C:\Users\Kamil\AppData\Local\Programs\MiKTeX\tex/latex/pgf/utilities\pgffor.sty (C:\Users\Kamil\AppData\Local\Programs\MiKTeX\tex/latex/pgf/utilities\pgfkeys.sty (C:\Users\Kamil\AppData\Local\Programs\MiKTeX\tex/generic/pgf/utilities\pgfkeys.code.tex)) (C:\Users\Kamil\AppData\Local\Programs\MiKTeX\tex/latex/pgf/math\pgfmath.sty (C:\Users\Kamil\AppData\Local\Programs\MiKTeX\tex/generic/pgf/math\pgfmath.code.tex)) (C:\Users\Kamil\AppData\Local\Programs\MiKTeX\tex/generic/pgf/utilities\pgffor.code.tex
Package: pgffor 2020/10/01 v3.1.6a (3.1.6a)
 (C:\Users\Kamil\AppData\Local\Programs\MiKTeX\tex/generic/pgf/math\pgfmath.code.tex)
\pgffor@iter=\dimen277
\pgffor@skip=\dimen278
\pgffor@stack=\toks43
\pgffor@toks=\toks44
)) (C:\Users\Kamil\AppData\Local\Programs\MiKTeX\tex/generic/pgf/frontendlayer/tikz\tikz.code.tex
Package: tikz 2020/10/01 v3.1.6a (3.1.6a)
 (C:\Users\Kamil\AppData\Local\Programs\MiKTeX\tex/generic/pgf/libraries\pgflibraryplothandlers.code.tex
File: pgflibraryplothandlers.code.tex 2020/10/01 v3.1.6a (3.1.6a)
\pgf@plot@mark@count=\count295
\pgfplotmarksize=\dimen279
)
\tikz@lastx=\dimen280
\tikz@lasty=\dimen281
\tikz@lastxsaved=\dimen282
\tikz@lastysaved=\dimen283
\tikz@lastmovetox=\dimen284
\tikz@lastmovetoy=\dimen285
\tikzleveldistance=\dimen286
\tikzsiblingdistance=\dimen287
\tikz@figbox=\box59
\tikz@figbox@bg=\box60
\tikz@tempbox=\box61
\tikz@tempbox@bg=\box62
\tikztreelevel=\count296
\tikznumberofchildren=\count297
\tikznumberofcurrentchild=\count298
\tikz@fig@count=\count299
 (C:\Users\Kamil\AppData\Local\Programs\MiKTeX\tex/generic/pgf/modules\pgfmodulematrix.code.tex
File: pgfmodulematrix.code.tex 2020/10/01 v3.1.6a (3.1.6a)
\pgfmatrixcurrentrow=\count300
\pgfmatrixcurrentcolumn=\count301
\pgf@matrix@numberofcolumns=\count302
)
\tikz@expandcount=\count303
 (C:\Users\Kamil\AppData\Local\Programs\MiKTeX\tex/generic/pgf/frontendlayer/tikz/libraries\tikzlibrarytopaths.code.tex
File: tikzlibrarytopaths.code.tex 2020/10/01 v3.1.6a (3.1.6a)
))) (C:\Users\Kamil\AppData\Local\Programs\MiKTeX\tex/latex/pgfplots\pgfplots.sty (C:\Users\Kamil\AppData\Local\Programs\MiKTeX\tex/generic/pgfplots\pgfplots.revision.tex)
Package: pgfplots 2020/02/29 v1.17 Data Visualization (1.17)
 (C:\Users\Kamil\AppData\Local\Programs\MiKTeX\tex/generic/pgfplots\pgfplots.code.tex (C:\Users\Kamil\AppData\Local\Programs\MiKTeX\tex/generic/pgfplots\pgfplotscore.code.tex
\t@pgfplots@toka=\toks45
\t@pgfplots@tokb=\toks46
\t@pgfplots@tokc=\toks47
\pgfplots@tmpa=\dimen288
\c@pgfplots@coordindex=\count304
\c@pgfplots@scanlineindex=\count305
 (C:\Users\Kamil\AppData\Local\Programs\MiKTeX\tex/generic/pgfplots/sys\pgfplotssysgeneric.code.tex)) (C:\Users\Kamil\AppData\Local\Programs\MiKTeX\tex/generic/pgfplots/libs\pgfplotslibrary.code.tex) (C:\Users\Kamil\AppData\Local\Programs\MiKTeX\tex/generic/pgfplots/oldpgfcompatib\pgfplotsoldpgfsupp_loader.code.tex (C:\Users\Kamil\AppData\Local\Programs\MiKTeX\tex/generic/pgf/libraries\pgflibraryfpu.code.tex)) (C:\Users\Kamil\AppData\Local\Programs\MiKTeX\tex/generic/pgfplots/util\pgfplotsutil.code.tex
(C:\Users\Kamil\AppData\Local\Programs\MiKTeX\tex/generic/pgfplots/liststructure\pgfplotsliststructure.code.tex) (C:\Users\Kamil\AppData\Local\Programs\MiKTeX\tex/generic/pgfplots/liststructure\pgfplotsliststructureext.code.tex) (C:\Users\Kamil\AppData\Local\Programs\MiKTeX\tex/generic/pgfplots/liststructure\pgfplotsarray.code.tex
\c@pgfplotsarray@tmp=\count306
) (C:\Users\Kamil\AppData\Local\Programs\MiKTeX\tex/generic/pgfplots/liststructure\pgfplotsmatrix.code.tex) (C:\Users\Kamil\AppData\Local\Programs\MiKTeX\tex/generic/pgfplots/numtable\pgfplotstableshared.code.tex
\c@pgfplotstable@counta=\count307
\t@pgfplotstable@a=\toks48
) (C:\Users\Kamil\AppData\Local\Programs\MiKTeX\tex/generic/pgfplots/liststructure\pgfplotsdeque.code.tex) (C:\Users\Kamil\AppData\Local\Programs\MiKTeX\tex/generic/pgfplots/util\pgfplotsbinary.code.tex (C:\Users\Kamil\AppData\Local\Programs\MiKTeX\tex/generic/pgfplots/util\pgfplotsbinary.data.code.tex)) (C:\Users\Kamil\AppData\Local\Programs\MiKTeX\tex/generic/pgfplots/util\pgfplotsutil.verb.code.tex) (C:\Users\Kamil\AppData\Local\Programs\MiKTeX\tex/generic/pgfplots/libs\pgflibrarypgfplots.surfshading.code.tex
\c@pgfplotslibrarysurf@no=\count308
 (C:\Users\Kamil\AppData\Local\Programs\MiKTeX\tex/generic/pgfplots/sys\pgflibrarypgfplots.surfshading.pgfsys-pdftex.def))) (C:\Users\Kamil\AppData\Local\Programs\MiKTeX\tex/generic/pgfplots/util\pgfplotscolormap.code.tex (C:\Users\Kamil\AppData\Local\Programs\MiKTeX\tex/generic/pgfplots/util\pgfplotscolor.code.tex)) (C:\Users\Kamil\AppData\Local\Programs\MiKTeX\tex/generic/pgfplots\pgfplotsstackedplots.code.tex) (C:\Users\Kamil\AppData\Local\Programs\MiKTeX\tex/generic/pgfplots\pgfplotsplothandlers.code.tex (C:\Users\Kamil\AppData\Local\Programs\MiKTeX\tex/generic/pgfplots\pgfplotsmeshplothandler.code.tex (C:\Users\Kamil\AppData\Local\Programs\MiKTeX\tex/generic/pgfplots\pgfplotsmeshplotimage.code.tex))) (C:\Users\Kamil\AppData\Local\Programs\MiKTeX\tex/generic/pgfplots\pgfplots.scaling.code.tex) (C:\Users\Kamil\AppData\Local\Programs\MiKTeX\tex/generic/pgfplots\pgfplotscoordprocessing.code.tex) (C:\Users\Kamil\AppData\Local\Programs\MiKTeX\tex/generic/pgfplots\pgfplots.errorbars.code.tex) (C:\Users\Kamil\AppData\Local\Programs\MiKTeX\tex/generic/pgfplots\pgfplots.markers.code.tex) (C:\Users\Kamil\AppData\Local\Programs\MiKTeX\tex/generic/pgfplots\pgfplotsticks.code.tex) (C:\Users\Kamil\AppData\Local\Programs\MiKTeX\tex/generic/pgfplots\pgfplots.paths.code.tex) (C:\Users\Kamil\AppData\Local\Programs\MiKTeX\tex/generic/pgf/frontendlayer/tikz/libraries\tikzlibrarydecorations.code.tex (C:\Users\Kamil\AppData\Local\Programs\MiKTeX\tex/generic/pgf/modules\pgfmoduledecorations.code.tex
\pgfdecoratedcompleteddistance=\dimen289
\pgfdecoratedremainingdistance=\dimen290
\pgfdecoratedinputsegmentcompleteddistance=\dimen291
\pgfdecoratedinputsegmentremainingdistance=\dimen292
\pgf@decorate@distancetomove=\dimen293
\pgf@decorate@repeatstate=\count309
\pgfdecorationsegmentamplitude=\dimen294
\pgfdecorationsegmentlength=\dimen295
)
\tikz@lib@dec@box=\box63
) (C:\Users\Kamil\AppData\Local\Programs\MiKTeX\tex/generic/pgf/frontendlayer/tikz/libraries\tikzlibrarydecorations.pathmorphing.code.tex (C:\Users\Kamil\AppData\Local\Programs\MiKTeX\tex/generic/pgf/libraries/decorations\pgflibrarydecorations.pathmorphing.code.tex)) (C:\Users\Kamil\AppData\Local\Programs\MiKTeX\tex/generic/pgf/frontendlayer/tikz/libraries\tikzlibrarydecorations.pathreplacing.code.tex (C:\Users\Kamil\AppData\Local\Programs\MiKTeX\tex/generic/pgf/libraries/decorations\pgflibrarydecorations.pathreplacing.code.tex))
\pgfplots@numplots=\count310
\pgfplots@xmin@reg=\dimen296
\pgfplots@xmax@reg=\dimen297
\pgfplots@ymin@reg=\dimen298
\pgfplots@ymax@reg=\dimen299
\pgfplots@zmin@reg=\dimen300
\pgfplots@zmax@reg=\dimen301
) (C:\Users\Kamil\AppData\Local\Programs\MiKTeX\tex/generic/pgf/frontendlayer/tikz/libraries\tikzlibraryplotmarks.code.tex
File: tikzlibraryplotmarks.code.tex 2020/10/01 v3.1.6a (3.1.6a)
 (C:\Users\Kamil\AppData\Local\Programs\MiKTeX\tex/generic/pgf/libraries\pgflibraryplotmarks.code.tex
File: pgflibraryplotmarks.code.tex 2020/10/01 v3.1.6a (3.1.6a)
))) (C:\Users\Kamil\AppData\Local\Programs\MiKTeX\tex/latex/mathtools\mathtools.sty
Package: mathtools 2020/03/24 v1.24 mathematical typesetting tools
 (C:\Users\Kamil\AppData\Local\Programs\MiKTeX\tex/latex/tools\calc.sty
Package: calc 2017/05/25 v4.3 Infix arithmetic (KKT,FJ)
\calc@Acount=\count311
\calc@Bcount=\count312
\calc@Adimen=\dimen302
\calc@Bdimen=\dimen303
\calc@Askip=\skip65
\calc@Bskip=\skip66
LaTeX Info: Redefining \setlength on input line 80.
LaTeX Info: Redefining \addtolength on input line 81.
\calc@Ccount=\count313
\calc@Cskip=\skip67
) (C:\Users\Kamil\AppData\Local\Programs\MiKTeX\tex/latex/mathtools\mhsetup.sty
Package: mhsetup 2017/03/31 v1.3 programming setup (MH)
)
LaTeX Info: Thecontrolsequence`\('isalreadyrobust on input line 130.
LaTeX Info: Thecontrolsequence`\)'isalreadyrobust on input line 130.
LaTeX Info: Thecontrolsequence`\['isalreadyrobust on input line 130.
LaTeX Info: Thecontrolsequence`\]'isalreadyrobust on input line 130.
\g_MT_multlinerow_int=\count314
\l_MT_multwidth_dim=\dimen304
\origjot=\skip68
\l_MT_shortvdotswithinadjustabove_dim=\dimen305
\l_MT_shortvdotswithinadjustbelow_dim=\dimen306
\l_MT_above_intertext_sep=\dimen307
\l_MT_below_intertext_sep=\dimen308
\l_MT_above_shortintertext_sep=\dimen309
\l_MT_below_shortintertext_sep=\dimen310
\xmathstrut@box=\box64
\xmathstrut@dim=\dimen311
) (C:\Users\Kamil\AppData\Local\Programs\MiKTeX\tex/latex/listings\listings.sty
\lst@mode=\count315
\lst@gtempboxa=\box65
\lst@token=\toks49
\lst@length=\count316
\lst@currlwidth=\dimen312
\lst@column=\count317
\lst@pos=\count318
\lst@lostspace=\dimen313
\lst@width=\dimen314
\lst@newlines=\count319
\lst@lineno=\count320
\lst@maxwidth=\dimen315
 (C:\Users\Kamil\AppData\Local\Programs\MiKTeX\tex/latex/listings\lstmisc.sty
File: lstmisc.sty 2020/03/24 1.8d (Carsten Heinz)
\c@lstnumber=\count321
\lst@skipnumbers=\count322
\lst@framebox=\box66
) (C:\Users\Kamil\AppData\Local\Programs\MiKTeX\tex/latex/listings\listings.cfg
File: listings.cfg 2020/03/24 1.8d listings configuration
))
Package: listings 2020/03/24 1.8d (Carsten Heinz)
 (C:\Users\Kamil\AppData\Local\Programs\MiKTeX\tex/latex/cite\cite.sty
LaTeX Info: Redefining \cite on input line 302.
LaTeX Info: Redefining \nocite on input line 332.
Package: cite 2015/02/27  v 5.5
)
\c@stronyPozaNumeracja=\count323
LaTeX Font Info:    Trying to load font information for T1+lmr on input line 180.
 (C:\Users\Kamil\AppData\Local\Programs\MiKTeX\tex/latex/lm\t1lmr.fd
File: t1lmr.fd 2009/10/30 v1.6 Font defs for Latin Modern
) (C:\Users\Kamil\AppData\Local\Programs\MiKTeX\tex/latex/l3backend\l3backend-pdftex.def
File: l3backend-pdftex.def 2020-09-24 L3 backend support: PDF output (pdfTeX)
\l__kernel_color_stack_int=\count324
\l__pdf_internal_box=\box67
) (f:/Praca-in콮ynierska\e-voting\dokumentacja\main.aux

LaTeX Warning: Label `=' multiply defined.

)
\openout1 = `main.aux'.

LaTeX Font Info:    Checking defaults for OML/cmm/m/it on input line 180.
LaTeX Font Info:    ... okay on input line 180.
LaTeX Font Info:    Checking defaults for OMS/cmsy/m/n on input line 180.
LaTeX Font Info:    ... okay on input line 180.
LaTeX Font Info:    Checking defaults for OT1/cmr/m/n on input line 180.
LaTeX Font Info:    ... okay on input line 180.
LaTeX Font Info:    Checking defaults for T1/cmr/m/n on input line 180.
LaTeX Font Info:    ... okay on input line 180.
LaTeX Font Info:    Checking defaults for TS1/cmr/m/n on input line 180.
LaTeX Font Info:    ... okay on input line 180.
LaTeX Font Info:    Checking defaults for OMX/cmex/m/n on input line 180.
LaTeX Font Info:    ... okay on input line 180.
LaTeX Font Info:    Checking defaults for U/cmr/m/n on input line 180.
LaTeX Font Info:    ... okay on input line 180.
LaTeX Font Info:    Checking defaults for OT4/cmr/m/n on input line 180.
LaTeX Font Info:    ... okay on input line 180.
LaTeX Font Info:    Checking defaults for PD1/pdf/m/n on input line 180.
LaTeX Font Info:    ... okay on input line 180.

*geometry* driver: auto-detecting
*geometry* detected driver: pdftex
*geometry* verbose mode - [ preamble ] result:
* driver: pdftex
* paper: a4paper
* layout: <same size as paper>
* layoutoffset:(h,v)=(0.0pt,0.0pt)
* modes: includefoot twoside 
* h-part:(L,W,R)=(108.405pt, 416.83289pt, 72.26999pt)
* v-part:(T,H,B)=(72.26999pt, 700.50687pt, 72.26999pt)
* \paperwidth=597.50787pt
* \paperheight=845.04684pt
* \textwidth=416.83289pt
* \textheight=670.50687pt
* \oddsidemargin=36.13501pt
* \evensidemargin=0.0pt
* \topmargin=-31.8738pt
* \headheight=12.0pt
* \headsep=19.8738pt
* \topskip=12.0pt
* \footskip=30.0pt
* \marginparwidth=88.0pt
* \marginparsep=7.0pt
* \columnsep=10.0pt
* \skip\footins=10.8pt plus 4.0pt minus 2.0pt
* \hoffset=0.0pt
* \voffset=0.0pt
* \mag=1000
* \@twocolumnfalse
* \@twosidetrue
* \@mparswitchtrue
* \@reversemarginfalse
* (1in=72.27pt=25.4mm, 1cm=28.453pt)

(C:\Users\Kamil\AppData\Local\Programs\MiKTeX\tex/context/base/mkii\supp-pdf.mkii
[Loading MPS to PDF converter (version 2006.09.02).]
\scratchcounter=\count325
\scratchdimen=\dimen316
\scratchbox=\box68
\nofMPsegments=\count326
\nofMParguments=\count327
\everyMPshowfont=\toks50
\MPscratchCnt=\count328
\MPscratchDim=\dimen317
\MPnumerator=\count329
\makeMPintoPDFobject=\count330
\everyMPtoPDFconversion=\toks51
) (C:\Users\Kamil\AppData\Local\Programs\MiKTeX\tex/latex/epstopdf-pkg\epstopdf-base.sty
Package: epstopdf-base 2020-01-24 v2.11 Base part for package epstopdf
Package epstopdf-base Info: Redefining graphics rule for `.eps' on input line 485.
)
Package hyperref Info: Link coloring OFF on input line 180.
 (C:\Users\Kamil\AppData\Local\Programs\MiKTeX\tex/latex/hyperref\nameref.sty
Package: nameref 2019/09/16 v2.46 Cross-referencing by name of section
 (C:\Users\Kamil\AppData\Local\Programs\MiKTeX\tex/latex/refcount\refcount.sty
Package: refcount 2019/12/15 v3.6 Data extraction from label references (HO)
) (C:\Users\Kamil\AppData\Local\Programs\MiKTeX\tex/generic/gettitlestring\gettitlestring.sty
Package: gettitlestring 2019/12/15 v1.6 Cleanup title references (HO)
)
\c@section@level=\count331
)
LaTeX Info: Redefining \ref on input line 180.
LaTeX Info: Redefining \pageref on input line 180.
LaTeX Info: Redefining \nameref on input line 180.
 (f:/Praca-in콮ynierska\e-voting\dokumentacja\main.out) (f:/Praca-in콮ynierska\e-voting\dokumentacja\main.out)
\@outlinefile=\write4
\openout4 = `main.out'.



Package pgfplots Warning: running in backwards compatibility mode (unsuitable tick labels; missing features). Consider writing \pgfplotsset{compat=1.17} into your preamble.
 on input line 180.

\c@lstlisting=\count332
*geometry* verbose mode - [ newgeometry ] result:
* driver: pdftex
* paper: a4paper
* layout: <same size as paper>
* layoutoffset:(h,v)=(0.0pt,0.0pt)
* modes: twoside 
* h-part:(L,W,R)=(85.35826pt, 441.01773pt, 71.13188pt)
* v-part:(T,H,B)=(71.13188pt, 702.78308pt, 71.13188pt)
* \paperwidth=597.50787pt
* \paperheight=845.04684pt
* \textwidth=441.01773pt
* \textheight=702.78308pt
* \oddsidemargin=13.08827pt
* \evensidemargin=-1.1381pt
* \topmargin=-33.0119pt
* \headheight=12.0pt
* \headsep=19.8738pt
* \topskip=12.0pt
* \footskip=30.0pt
* \marginparwidth=88.0pt
* \marginparsep=7.0pt
* \columnsep=10.0pt
* \skip\footins=10.8pt plus 4.0pt minus 2.0pt
* \hoffset=0.0pt
* \voffset=0.0pt
* \mag=1000
* \@twocolumnfalse
* \@twosidetrue
* \@mparswitchtrue
* \@reversemarginfalse
* (1in=72.27pt=25.4mm, 1cm=28.453pt)

LaTeX Font Info:    Trying to load font information for T1+lmss on input line 191.
(C:\Users\Kamil\AppData\Local\Programs\MiKTeX\tex/latex/lm\t1lmss.fd
File: t1lmss.fd 2009/10/30 v1.6 Font defs for Latin Modern
)
Package epstopdf Info: Source file: <politechnika_sl_logo_bw_poziom_pl.eps>
(epstopdf)                    date: 2019-06-02 11:15:49
(epstopdf)                    size: 1231410 bytes
(epstopdf)             Output file: <politechnika_sl_logo_bw_poziom_pl-eps-converted-to.pdf>
(epstopdf)                    date: 2020-12-30 13:40:07
(epstopdf)                    size: 18210 bytes
(epstopdf)             Command: <epstopdf --outfile=politechnika_sl_logo_bw_poziom_pl-eps-converted-to.pdf politechnika_sl_logo_bw_poziom_pl.eps>
(epstopdf)             \includegraphics on input line 195.
Package epstopdf Info: Output file is already uptodate.


pdfTeX warning: pdflatex (file f:/Praca-in콮ynierska/e-voting/dokumentacja/politechnika_sl_logo_bw_poziom_pl-eps-converted-to.pdf): PDF inclusion: found PDF version <1.7>, but at most version <1.5> allowed
<politechnika_sl_logo_bw_poziom_pl-eps-converted-to.pdf, id=262, 485.815pt x 179.67125pt>
File: politechnika_sl_logo_bw_poziom_pl-eps-converted-to.pdf Graphic file (type pdf)
<use politechnika_sl_logo_bw_poziom_pl-eps-converted-to.pdf>
Package pdftex.def Info: politechnika_sl_logo_bw_poziom_pl-eps-converted-to.pdf  used on input line 195.
(pdftex.def)             Requested size: 176.40439pt x 65.23813pt.
LaTeX Font Info:    Trying to load font information for T1+phv on input line 199.
(C:\Users\Kamil\AppData\Local\Programs\MiKTeX\tex/latex/psnfss\t1phv.fd
File: t1phv.fd 2020/03/25 scalable font definitions for T1/phv.
) [1


{C:/Users/Kamil/AppData/Local/MiKTeX/pdftex/config/pdftex.map} <f:/Praca-in콮ynierska/e-voting/dokumentacja/politechnika_sl_logo_bw_poziom_pl-eps-converted-to.pdf>] [2


]
LaTeX Font Info:    Trying to load font information for OT1+lmr on input line 262.
 (C:\Users\Kamil\AppData\Local\Programs\MiKTeX\tex/latex/lm\ot1lmr.fd
File: ot1lmr.fd 2009/10/30 v1.6 Font defs for Latin Modern
)
LaTeX Font Info:    Trying to load font information for OML+lmm on input line 262.
 (C:\Users\Kamil\AppData\Local\Programs\MiKTeX\tex/latex/lm\omllmm.fd
File: omllmm.fd 2009/10/30 v1.6 Font defs for Latin Modern
)
LaTeX Font Info:    Trying to load font information for OMS+lmsy on input line 262.
 (C:\Users\Kamil\AppData\Local\Programs\MiKTeX\tex/latex/lm\omslmsy.fd
File: omslmsy.fd 2009/10/30 v1.6 Font defs for Latin Modern
)
LaTeX Font Info:    Trying to load font information for OMX+lmex on input line 262.
 (C:\Users\Kamil\AppData\Local\Programs\MiKTeX\tex/latex/lm\omxlmex.fd
File: omxlmex.fd 2009/10/30 v1.6 Font defs for Latin Modern
)
LaTeX Font Info:    External font `lmex10' loaded for size
(Font)              <12> on input line 262.
LaTeX Font Info:    External font `lmex10' loaded for size
(Font)              <8> on input line 262.
LaTeX Font Info:    External font `lmex10' loaded for size
(Font)              <6> on input line 262.
LaTeX Font Info:    Trying to load font information for U+msa on input line 262.
 (C:\Users\Kamil\AppData\Local\Programs\MiKTeX\tex/latex/amsfonts\umsa.fd
File: umsa.fd 2013/01/14 v3.01 AMS symbols A
)
LaTeX Font Info:    Trying to load font information for U+msb on input line 262.
 (C:\Users\Kamil\AppData\Local\Programs\MiKTeX\tex/latex/amsfonts\umsb.fd
File: umsb.fd 2013/01/14 v3.01 AMS symbols B
) [3] [4

] [5] [6

] (f:/Praca-in콮ynierska\e-voting\dokumentacja\main.toc [1

])
\tf@toc=\write5
\openout5 = `main.toc'.



Package Fancyhdr Warning: \headheight is too small (12.0pt): 
Make it at least 14.49998pt.
We now make it that large for the rest of the document.
This may cause the page layout to be inconsistent, however.

[2]
Rozdzia\l  1.
pdfTeX warning (ext4): destination with the same identifier (name{page.1}) has been already used, duplicate ignored
<to be read again> 
                   \relax 
l.335 
       [1


]
LaTeX Font Info:    Trying to load font information for TS1+lmr on input line 341.
 (C:\Users\Kamil\AppData\Local\Programs\MiKTeX\tex/latex/lm\ts1lmr.fd
File: ts1lmr.fd 2009/10/30 v1.6 Font defs for Latin Modern
)pdfTeX warning (ext4): destination with the same identifier (name{page.2}) has been already used, duplicate ignored
<to be read again> 
                   \relax 
l.348 \chapter
              {Blockchain} [2]
Rozdzia\l  2.
pdfTeX warning (ext4): destination with the same identifier (name{page.3}) has been already used, duplicate ignored
<to be read again> 
                   \relax 
l.355 
       [3

]
<images/켹a켻cuch_blok칩w.jpg, id=389, 611.28375pt x 275.52937pt>
File: images/켹a켻cuch_blok칩w.jpg Graphic file (type jpg)
<use images/켹a켻cuch_blok칩w.jpg>
Package pdftex.def Info: images/켹a켻cuch_blok칩w.jpg  used on input line 376.
(pdftex.def)             Requested size: 416.83289pt x 187.88301pt.


LaTeX Warning: `h' float specifier changed to `ht'.

pdfTeX warning (ext4): destination with the same identifier (name{page.4}) has been already used, duplicate ignored
<to be read again> 
                   \relax 
l.381 
       [4]
Overfull \hbox (5.75667pt too wide) in paragraph at lines 389--391
[]\T1/lmr/m/it/12 Peer to Peer \T1/lmr/m/n/12 jest przy-k뾰-dem cie-ka-wego za-sto-so-wa-nia ar-chi-tek-tury klient-serwer.
 []

pdfTeX warning (ext4): destination with the same identifier (name{page.5}) has been already used, duplicate ignored
<to be read again> 
                   \relax 
l.391 
       [5 <f:/Praca-in콮ynierska/e-voting/dokumentacja/images/켹a켻cuch_blok칩w.jpg>]pdfTeX warning (ext4): destination with the same identifier (name{page.6}) has been already used, duplicate ignored
<to be read again> 
                   \relax 
l.403 
       [6] [7]
Overfull \hbox (4.1043pt too wide) in paragraph at lines 434--437
\T1/lmr/m/it/12 6ac73742db534bebccc9af1453c5637ee5bb5d7c9628ec2f26cf9777c89e96d8\T1/lmr/m/n/12 . Na-to-miast
 []


Overfull \hbox (13.91382pt too wide) in paragraph at lines 434--437
\T1/lmr/m/it/12 af316ecb91a8ee7ae99210702b2d4758f30cdde3bf61e3d8e787d74681f90a6\T1/lmr/m/n/12 . Przy-k뾰d ob-
 []

[8]
Overfull \hbox (1.77148pt too wide) in paragraph at lines 454--455
[]\T1/lmr/m/it/12 Smart \T1/lmr/m/n/12 kon-trakty po-zwa-laj na two-rze-nie apli-ka-cji, kt-rych pod-staw jest Block-
 []

[9] [10]
Rozdzia\l  3.
[11

]
<images/Dziedzina systemu esto켻skiego.png, id=470, 490.83376pt x 264.23718pt>
File: images/Dziedzina systemu esto켻skiego.png Graphic file (type png)
<use images/Dziedzina systemu esto켻skiego.png>
Package pdftex.def Info: images/Dziedzina systemu esto켻skiego.png  used on input line 509.
(pdftex.def)             Requested size: 416.83289pt x 224.40509pt.
 [12 <f:/Praca-in콮ynierska/e-voting/dokumentacja/images/Dziedzina systemu esto켻skiego.png>]
<images/G켹칩wne cz캧sci systemu esto켻skiego.png, id=479, 490.83376pt x 136.25906pt>
File: images/G켹칩wne cz캧sci systemu esto켻skiego.png Graphic file (type png)
<use images/G켹칩wne cz캧sci systemu esto켻skiego.png>
Package pdftex.def Info: images/G켹칩wne cz캧sci systemu esto켻skiego.png  used on input line 527.
(pdftex.def)             Requested size: 416.83289pt x 115.71886pt.
 [13 <f:/Praca-in콮ynierska/e-voting/dokumentacja/images/G켹칩wne cz캧sci systemu esto켻skiego.png>] [14]
Rozdzia\l  4.
[15

] [16]
<images/user_use_case.jpg, id=504, 465.23813pt x 330.48468pt>
File: images/user_use_case.jpg Graphic file (type jpg)
<use images/user_use_case.jpg>
Package pdftex.def Info: images/user_use_case.jpg  used on input line 598.
(pdftex.def)             Requested size: 416.83289pt x 296.10721pt.
<images/admin_use_case.jpg, id=507, 545.03625pt x 350.81062pt>
File: images/admin_use_case.jpg Graphic file (type jpg)
<use images/admin_use_case.jpg>
Package pdftex.def Info: images/admin_use_case.jpg  used on input line 617.
(pdftex.def)             Requested size: 416.83289pt x 268.2943pt.


LaTeX Warning: `h' float specifier changed to `ht'.

[17 <f:/Praca-in콮ynierska/e-voting/dokumentacja/images/user_use_case.jpg>] [18 <f:/Praca-in콮ynierska/e-voting/dokumentacja/images/admin_use_case.jpg>] [19] [20] [21] [22

]
Rozdzia\l  5.
LaTeX Font Info:    Trying to load font information for T1+lmtt on input line 673.
(C:\Users\Kamil\AppData\Local\Programs\MiKTeX\tex/latex/lm\t1lmtt.fd
File: t1lmtt.fd 2009/10/30 v1.6 Font defs for Latin Modern
)
<images/node_version.png, id=537, 140.77594pt x 22.58438pt>
File: images/node_version.png Graphic file (type png)
<use images/node_version.png>
Package pdftex.def Info: images/node_version.png  used on input line 686.
(pdftex.def)             Requested size: 416.83289pt x 66.88345pt.


LaTeX Warning: `h' float specifier changed to `ht'.

[23]
<images/foldery.png, id=546, 157.33781pt x 76.78688pt>
File: images/foldery.png Graphic file (type png)
<use images/foldery.png>
Package pdftex.def Info: images/foldery.png  used on input line 696.
(pdftex.def)             Requested size: 416.83289pt x 203.46198pt.
 [24 <f:/Praca-in콮ynierska/e-voting/dokumentacja/images/node_version.png> <f:/Praca-in콮ynierska/e-voting/dokumentacja/images/foldery.png>] [25]
<images/adminlogin.png, id=564, 164.11313pt x 94.10156pt>
File: images/adminlogin.png Graphic file (type png)
<use images/adminlogin.png>
Package pdftex.def Info: images/adminlogin.png  used on input line 744.
(pdftex.def)             Requested size: 416.83289pt x 239.0368pt.
<images/adminnav.png, id=566, 1434.10782pt x 53.44969pt>
File: images/adminnav.png Graphic file (type png)
<use images/adminnav.png>
Package pdftex.def Info: images/adminnav.png  used on input line 752.
(pdftex.def)             Requested size: 416.83289pt x 15.53506pt.
 [26 <f:/Praca-in콮ynierska/e-voting/dokumentacja/images/adminlogin.png> <f:/Praca-in콮ynierska/e-voting/dokumentacja/images/adminnav.png>]
<images/voterslist.png, id=576, 776.9025pt x 246.9225pt>
File: images/voterslist.png Graphic file (type png)
<use images/voterslist.png>
Package pdftex.def Info: images/voterslist.png  used on input line 764.
(pdftex.def)             Requested size: 416.83289pt x 132.48463pt.
<images/addvoter.png, id=577, 757.32938pt x 316.93407pt>
File: images/addvoter.png Graphic file (type png)
<use images/addvoter.png>
Package pdftex.def Info: images/addvoter.png  used on input line 770.
(pdftex.def)             Requested size: 416.83289pt x 174.44pt.
 [27 <f:/Praca-in콮ynierska/e-voting/dokumentacja/images/voterslist.png> <f:/Praca-in콮ynierska/e-voting/dokumentacja/images/addvoter.png>]
<images/findnode.png, id=586, 823.57687pt x 121.20282pt>
File: images/findnode.png Graphic file (type png)
<use images/findnode.png>
Package pdftex.def Info: images/findnode.png  used on input line 782.
(pdftex.def)             Requested size: 416.83289pt x 61.34286pt.
<images/ndoeconfig.png, id=588, 746.79pt x 250.68657pt>
File: images/ndoeconfig.png Graphic file (type png)
<use images/ndoeconfig.png>
Package pdftex.def Info: images/ndoeconfig.png  used on input line 790.
(pdftex.def)             Requested size: 416.83289pt x 139.92448pt.
<images/electionlist.png, id=590, 500.62032pt x 121.20282pt>
File: images/electionlist.png Graphic file (type png)
<use images/electionlist.png>
Package pdftex.def Info: images/electionlist.png  used on input line 802.
(pdftex.def)             Requested size: 416.83289pt x 100.92195pt.


LaTeX Warning: `h' float specifier changed to `ht'.

[28 <f:/Praca-in콮ynierska/e-voting/dokumentacja/images/findnode.png> <f:/Praca-in콮ynierska/e-voting/dokumentacja/images/ndoeconfig.png>]
<images/votesconfig1.png, id=600, 1393.45593pt x 461.47406pt>
File: images/votesconfig1.png Graphic file (type png)
<use images/votesconfig1.png>
Package pdftex.def Info: images/votesconfig1.png  used on input line 812.
(pdftex.def)             Requested size: 416.83289pt x 138.04192pt.
<images/votesconfigerror.png, id=602, 874.76813pt x 410.2828pt>
File: images/votesconfigerror.png Graphic file (type png)
<use images/votesconfigerror.png>
Package pdftex.def Info: images/votesconfigerror.png  used on input line 820.
(pdftex.def)             Requested size: 416.83289pt x 195.49988pt.


LaTeX Warning: `h' float specifier changed to `ht'.

[29 <f:/Praca-in콮ynierska/e-voting/dokumentacja/images/electionlist.png> <f:/Praca-in콮ynierska/e-voting/dokumentacja/images/votesconfig1.png>]
<images/votescandidate.png, id=611, 957.5775pt x 506.6428pt>
File: images/votescandidate.png Graphic file (type png)
<use images/votescandidate.png>
Package pdftex.def Info: images/votescandidate.png  used on input line 829.
(pdftex.def)             Requested size: 416.83289pt x 220.54245pt.
<images/choosevoters.png, id=613, 607.51968pt x 481.8pt>
File: images/choosevoters.png Graphic file (type png)
<use images/choosevoters.png>
Package pdftex.def Info: images/choosevoters.png  used on input line 837.
(pdftex.def)             Requested size: 416.83289pt x 330.58238pt.

Underfull \vbox (badness 10000) has occurred while \output is active []

 [30 <f:/Praca-in콮ynierska/e-voting/dokumentacja/images/votesconfigerror.png> <f:/Praca-in콮ynierska/e-voting/dokumentacja/images/votescandidate.png>]
<images/electionsview.png, id=621, 749.80125pt x 172.39406pt>
File: images/electionsview.png Graphic file (type png)
<use images/electionsview.png>
Package pdftex.def Info: images/electionsview.png  used on input line 845.
(pdftex.def)             Requested size: 416.83289pt x 95.84029pt.
<images/penicon.png, id=623, 33.12375pt x 27.10126pt>
File: images/penicon.png Graphic file (type png)
<use images/penicon.png>
Package pdftex.def Info: images/penicon.png  used on input line 855.
(pdftex.def)             Requested size: 33.12366pt x 27.10118pt.


LaTeX Warning: `h' float specifier changed to `ht'.

[31 <f:/Praca-in콮ynierska/e-voting/dokumentacja/images/choosevoters.png> <f:/Praca-in콮ynierska/e-voting/dokumentacja/images/electionsview.png>]
<images/electionmanager.png, id=634, 841.64438pt x 266.49562pt>
File: images/electionmanager.png Graphic file (type png)
<use images/electionmanager.png>
Package pdftex.def Info: images/electionmanager.png  used on input line 863.
(pdftex.def)             Requested size: 416.83289pt x 131.9869pt.
<images/changeurl.png, id=635, 928.97063pt x 166.37157pt>
File: images/changeurl.png Graphic file (type png)
<use images/changeurl.png>
Package pdftex.def Info: images/changeurl.png  used on input line 869.
(pdftex.def)             Requested size: 416.83289pt x 74.65326pt.
<images/infocandidates.png, id=639, 187.45032pt x 107.65219pt>
File: images/infocandidates.png Graphic file (type png)
<use images/infocandidates.png>
Package pdftex.def Info: images/infocandidates.png  used on input line 877.
(pdftex.def)             Requested size: 187.44984pt x 107.65192pt.

Underfull \vbox (badness 10000) has occurred while \output is active []

 [32 <f:/Praca-in콮ynierska/e-voting/dokumentacja/images/penicon.png> <f:/Praca-in콮ynierska/e-voting/dokumentacja/images/electionmanager.png> <f:/Praca-in콮ynierska/e-voting/dokumentacja/images/changeurl.png>]
<images/infovoters.png, id=647, 198.7425pt x 185.94469pt>
File: images/infovoters.png Graphic file (type png)
<use images/infovoters.png>
Package pdftex.def Info: images/infovoters.png  used on input line 883.
(pdftex.def)             Requested size: 198.742pt x 185.94421pt.
<images/bcstatus.png, id=649, 1069.74657pt x 226.59656pt>
File: images/bcstatus.png Graphic file (type png)
<use images/bcstatus.png>
Package pdftex.def Info: images/bcstatus.png  used on input line 891.
(pdftex.def)             Requested size: 416.83289pt x 88.29622pt.
<images/publish.png, id=652, 163.3603pt x 80.55093pt>
File: images/publish.png Graphic file (type png)
<use images/publish.png>
Package pdftex.def Info: images/publish.png  used on input line 899.
(pdftex.def)             Requested size: 163.3599pt x 80.55074pt.
 [33 <f:/Praca-in콮ynierska/e-voting/dokumentacja/images/infocandidates.png> <f:/Praca-in콮ynierska/e-voting/dokumentacja/images/infovoters.png> <f:/Praca-in콮ynierska/e-voting/dokumentacja/images/bcstatus.png>]
<images/adminelectionresult.png, id=660, 925.20656pt x 411.03563pt>
File: images/adminelectionresult.png Graphic file (type png)
<use images/adminelectionresult.png>
Package pdftex.def Info: images/adminelectionresult.png  used on input line 905.
(pdftex.def)             Requested size: 416.83289pt x 185.18384pt.
 [34 <f:/Praca-in콮ynierska/e-voting/dokumentacja/images/publish.png> <f:/Praca-in콮ynierska/e-voting/dokumentacja/images/adminelectionresult.png>]
<images/navlogin.png, id=666, 1431.09656pt x 51.94406pt>
File: images/navlogin.png Graphic file (type png)
<use images/navlogin.png>
Package pdftex.def Info: images/navlogin.png  used on input line 920.
(pdftex.def)             Requested size: 416.83289pt x 15.12996pt.
<images/userlogin.png, id=669, 330.48468pt x 191.9672pt>
File: images/userlogin.png Graphic file (type png)
<use images/userlogin.png>
Package pdftex.def Info: images/userlogin.png  used on input line 928.
(pdftex.def)             Requested size: 330.48387pt x 191.96672pt.
<images/errorlogin.png, id=670, 347.79938pt x 217.5628pt>
File: images/errorlogin.png Graphic file (type png)
<use images/errorlogin.png>
Package pdftex.def Info: images/errorlogin.png  used on input line 934.
(pdftex.def)             Requested size: 347.79852pt x 217.56227pt.


LaTeX Warning: `h' float specifier changed to `ht'.

[35 <f:/Praca-in콮ynierska/e-voting/dokumentacja/images/navlogin.png> <f:/Praca-in콮ynierska/e-voting/dokumentacja/images/userlogin.png>]
<images/manual.png, id=684, 1432.60219pt x 715.92468pt>
File: images/manual.png Graphic file (type png)
<use images/manual.png>
Package pdftex.def Info: images/manual.png  used on input line 950.
(pdftex.def)             Requested size: 416.83289pt x 208.30106pt.
 [36 <f:/Praca-in콮ynierska/e-voting/dokumentacja/images/errorlogin.png> <f:/Praca-in콮ynierska/e-voting/dokumentacja/images/manual.png>]
<images/electionwindow.png, id=694, 895.84688pt x 158.09062pt>
File: images/electionwindow.png Graphic file (type png)
<use images/electionwindow.png>
Package pdftex.def Info: images/electionwindow.png  used on input line 964.
(pdftex.def)             Requested size: 416.83289pt x 73.5572pt.
<images/votescreen.png, id=695, 898.10532pt x 261.97874pt>
File: images/votescreen.png Graphic file (type png)
<use images/votescreen.png>
Package pdftex.def Info: images/votescreen.png  used on input line 970.
(pdftex.def)             Requested size: 416.83289pt x 121.59099pt.
<images/votesuccess.png, id=698, 356.83313pt x 99.37125pt>
File: images/votesuccess.png Graphic file (type png)
<use images/votesuccess.png>
Package pdftex.def Info: images/votesuccess.png  used on input line 978.
(pdftex.def)             Requested size: 356.83224pt x 99.371pt.
<images/votesent.png, id=699, 877.77937pt x 144.54pt>
File: images/votesent.png Graphic file (type png)
<use images/votesent.png>
Package pdftex.def Info: images/votesent.png  used on input line 984.
(pdftex.def)             Requested size: 416.83289pt x 68.63956pt.
 [37 <f:/Praca-in콮ynierska/e-voting/dokumentacja/images/electionwindow.png> <f:/Praca-in콮ynierska/e-voting/dokumentacja/images/votescreen.png> <f:/Praca-in콮ynierska/e-voting/dokumentacja/images/votesuccess.png>]
<images/voterresults.png, id=711, 893.58844pt x 142.28156pt>
File: images/voterresults.png Graphic file (type png)
<use images/voterresults.png>
Package pdftex.def Info: images/voterresults.png  used on input line 994.
(pdftex.def)             Requested size: 416.83289pt x 66.37082pt.
<images/resultdiagram.png, id=712, 893.58844pt x 483.30562pt>
File: images/resultdiagram.png Graphic file (type png)
<use images/resultdiagram.png>
Package pdftex.def Info: images/resultdiagram.png  used on input line 1000.
(pdftex.def)             Requested size: 416.83289pt x 225.45013pt.
 [38 <f:/Praca-in콮ynierska/e-voting/dokumentacja/images/votesent.png> <f:/Praca-in콮ynierska/e-voting/dokumentacja/images/voterresults.png> <f:/Praca-in콮ynierska/e-voting/dokumentacja/images/resultdiagram.png>]
Rozdzia\l  6.
<images/modules.png, id=720, 667.49374pt x 382.42876pt>
File: images/modules.png Graphic file (type png)
<use images/modules.png>
Package pdftex.def Info: images/modules.png  used on input line 1028.
(pdftex.def)             Requested size: 416.83289pt x 238.82481pt.

LaTeX Warning: `h' float specifier changed to `ht'.

[39

]
Package hyperref Info: bookmark level for unknown lstlisting defaults to 0 on input line 1046.
 [40 <f:/Praca-in콮ynierska/e-voting/dokumentacja/images/modules.png>] [41]
LaTeX Font Info:    Trying to load font information for TS1+lmtt on input line 1093.
 (C:\Users\Kamil\AppData\Local\Programs\MiKTeX\tex/latex/lm\ts1lmtt.fd
File: ts1lmtt.fd 2009/10/30 v1.6 Font defs for Latin Modern
)
Underfull \vbox (badness 3623) has occurred while \output is active []

 [42]
<images/Relational.png, id=819, 929.72343pt x 619.56468pt>
File: images/Relational.png Graphic file (type png)
<use images/Relational.png>
Package pdftex.def Info: images/Relational.png  used on input line 1137.
(pdftex.def)             Requested size: 416.83289pt x 277.77106pt.
 [43 <f:/Praca-in콮ynierska/e-voting/dokumentacja/images/Relational.png>]
Overfull \hbox (5.22485pt too wide) in paragraph at lines 1157--1158
\T1/lmr/m/n/12 pola \T1/lmr/m/it/12 CAN-DI-DATE_NAME \T1/lmr/m/n/12 i \T1/lmr/m/it/12 CAN-DI-DATE_DESCRIPTION\T1/lmr/m/n/12 . Ta-bela po-siada r雕-
 []


Overfull \hbox (0.67952pt too wide) in paragraph at lines 1161--1162
[]\T1/lmr/m/n/12 W pod-roz-dziale al-go-rytmy opi-sano im-ple-men-ta-cje al-go-ryt-m雕 utrzy-ma-nia kon-
 []


Overfull \hbox (20.21617pt too wide) in paragraph at lines 1181--1182
[]\T1/lmr/m/n/12 Rozwi몈aniem za-gadki ma-te-ma-tycz-nej jest zna-le-zie-nie od-po-wied-niej liczby (\T1/lmr/m/it/12 nonce\T1/lmr/m/n/12 ),
 []

[44] [45] [46] [47] [48]

LaTeX Warning: Reference `algorytmy' on page 49 undefined on input line 1365.

[49] [50]
Overfull \hbox (0.77599pt too wide) in paragraph at lines 1442--1443
[]\T1/lmr/m/n/12 W Thunk'ach mo즕a wy-ko-rzy-sty-wa re-du-cer'y, a na-st뵳-nie wy-wo-뿇-wa Thunk'i
 []

[51] [52]
Rozdzia\l  7.
[53

] [54]
Rozdzia\l  8.
(f:/Praca-in콮ynierska\e-voting\dokumentacja\main.bbl [55

] [56

]
Underfull \hbox (badness 10000) in paragraph at lines 13--18
[]\T1/lmr/m/n/12 Cambridge bit-coin elec-tri-city con-sump-tion in-
 []


Underfull \hbox (badness 10000) in paragraph at lines 13--18
\T1/lmr/m/n/12 dex (cbeci).  []$\T1/lmtt/m/n/12 https : / / www . epe . admin . cam . ac . uk /
 []


Underfull \hbox (badness 10000) in paragraph at lines 13--18
\T1/lmtt/m/n/12 cambridge-[]bitcoin-[]electricity-[]consumption-[]index-[]cbeci$[]\T1/lmr/m/n/12 , 2019.
 []


Underfull \hbox (badness 10000) in paragraph at lines 20--23
[]\T1/lmr/m/n/12 Blockchain w pko banku pol-skim.  []$\T1/lmtt/m/n/12 https : / / fintech . pkobp . pl /
 []


Underfull \hbox (badness 1924) in paragraph at lines 31--36
[]\T1/lmr/m/n/12 Czym jest atak 51%?  []$\T1/lmtt/m/n/12 https : / / academy . binance . com / pl / articles /
 []


Underfull \hbox (badness 10000) in paragraph at lines 38--43
[]\T1/lmr/m/n/12 Czym jest bit-coin?  []$\T1/lmtt/m/n/12 https : / / academy . binance . com / pl / articles /
 []


Underfull \hbox (badness 2050) in paragraph at lines 52--56
[]\T1/lmr/m/n/12 Dow祚 stawki (proof of stake).  []$\T1/lmtt/m/n/12 https : / / academy . binance . com / pl /
 []


Underfull \hbox (badness 10000) in paragraph at lines 65--70
[]\T1/lmr/m/n/12 Jaka jest r株-nica mi-dzy block-cha-inem a bit-co-
 []


Underfull \hbox (badness 10000) in paragraph at lines 65--70
\T1/lmr/m/n/12 inem?  []$\T1/lmtt/m/n/12 https : / / academy . binance . com / pl / articles /
 []


Underfull \hbox (badness 2478) in paragraph at lines 65--70
\T1/lmtt/m/n/12 difference-[]between-[]blockchain-[]and-[]bitcoin$[]\T1/lmr/m/n/12 , 2020.  data do-st뵳u:
 []


Underfull \hbox (badness 10000) in paragraph at lines 77--82
[]\T1/lmr/m/n/12 Leksykon po-j붝 na te-mat tech-no-lo-gii block-chain i kryp-to-
 []


Underfull \hbox (badness 10000) in paragraph at lines 77--82
\T1/lmr/m/n/12 wa-lut.  []$\T1/lmtt/m/n/12 https : / / www . gov . pl / documents / 31305 / 0 / leksykon _
 []


Underfull \hbox (badness 10000) in paragraph at lines 77--82
\T1/lmtt/m/n/12 pojec _ na _ temat _ technologii _ blockchain _ i _ kryptowalut . pdf /
 []


Underfull \hbox (badness 3623) in paragraph at lines 77--82
\T1/lmtt/m/n/12 77392774-[]1180-[]79ab-[]4dd5-[]089ffab37602$[]\T1/lmr/m/n/12 , 2020.  data do-st뵳u: rok
 []

[57]
Underfull \hbox (badness 10000) in paragraph at lines 84--90
[]\T1/lmr/m/n/12 Pko bp wdra즈 now wer-sj trwa-뾴go no-쎭ika. to pierw-
 []


Underfull \hbox (badness 10000) in paragraph at lines 84--90
\T1/lmr/m/n/12 sze ta-kie roz-wi-za-nie w eu-ro-pie.  []$\T1/lmtt/m/n/12 https : / / fintek . pl /
 []


Overfull \hbox (129.10925pt too wide) in paragraph at lines 84--90
\T1/lmtt/m/n/12 pko-[]bp-[]wdraza-[]nowa-[]wersje-[]trwalego-[]nosnika-[]to-[]pierwsze-[]takie-[]rozwiazanie-[]w-[]europie/$[]\T1/lmr/m/n/12 ,
 []


Underfull \hbox (badness 10000) in paragraph at lines 92--97
[]\T1/lmr/m/n/12 Przyk뾰dy wy-ko-rzy-sta-nia block-chain: In-ter-net rze-czy
 []


Underfull \hbox (badness 10000) in paragraph at lines 92--97
\T1/lmr/m/n/12 (iot).  []$\T1/lmtt/m/n/12 https : / / academy . binance . com / pl / articles /
 []

) [58] (f:/Praca-in콮ynierska\e-voting\dokumentacja\main.aux)
Package rerunfilecheck Info: File `main.out' has not changed.
(rerunfilecheck)             Checksum: 4C67F2AB7FF6DE42398E38F7F7CA61E9;4376.


LaTeX Warning: There were undefined references.


LaTeX Warning: There were multiply-defined labels.

 ) 
Here is how much of TeX's memory you used:
 32775 strings out of 479799
 760858 string characters out of 2869722
 1169850 words of memory out of 3000000
 48635 multiletter control sequences out of 15000+200000
 609066 words of font info for 73 fonts, out of 3000000 for 9000
 1141 hyphenation exceptions out of 8191
 85i,12n,107p,1561b,2070s stack positions out of 5000i,500n,10000p,200000b,50000s
{C:/Users/Kamil/AppData/Local/Programs/MiKTeX/fonts/enc/dvips/lm/lm-ts1.enc}{C:/Users/Kamil/AppData/Local/Programs/MiKTeX/fonts/enc/dvips/lm/lm-ec.enc}{C:/Users/Kamil/AppData/Local/Programs/MiKTeX/fonts/enc/dvips/lm/lm-mathex.enc}{C:/Users/Kamil/AppData/Local/Programs/MiKTeX/fonts/enc/dvips/lm/lm-mathit.enc}{C:/Users/Kamil/AppData/Local/Programs/MiKTeX/fonts/enc/dvips/lm/lm-mathsy.enc}{C:/Users/Kamil/AppData/Local/Programs/MiKTeX/fonts/enc/dvips/lm/lm-rm.enc}{C:/Users/Kamil/AppData/Local/Programs/MiKTeX/fonts/enc/dvips/base/8r.enc}<C:/Users/Kamil/AppData/Local/Programs/MiKTeX/fonts/type1/public/lm/lmbx12.pfb><C:/Users/Kamil/AppData/Local/Programs/MiKTeX/fonts/type1/public/lm/lmex10.pfb><C:/Users/Kamil/AppData/Local/Programs/MiKTeX/fonts/type1/public/lm/lmmi12.pfb><C:/Users/Kamil/AppData/Local/Programs/MiKTeX/fonts/type1/public/lm/lmmi8.pfb><C:/Users/Kamil/AppData/Local/Programs/MiKTeX/fonts/type1/public/lm/lmr12.pfb><C:/Users/Kamil/AppData/Local/Programs/MiKTeX/fonts/type1/public/lm/lmr6.pfb><C:/Users/Kamil/AppData/Local/Programs/MiKTeX/fonts/type1/public/lm/lmri12.pfb><C:/Users/Kamil/AppData/Local/Programs/MiKTeX/fonts/type1/public/lm/lmsy10.pfb><C:/Users/Kamil/AppData/Local/Programs/MiKTeX/fonts/type1/public/lm/lmsy8.pfb><C:/Users/Kamil/AppData/Local/Programs/MiKTeX/fonts/type1/public/lm/lmtt12.pfb><C:/Users/Kamil/AppData/Local/Programs/MiKTeX/fonts/type1/urw/helvetic/uhvb8a.pfb><C:/Users/Kamil/AppData/Local/Programs/MiKTeX/fonts/type1/urw/helvetic/uhvr8a.pfb>
Output written on f:/Praca-in콮ynierska\e-voting\dokumentacja\main.pdf (66 pages, 1177703 bytes).
PDF statistics:
 1298 PDF objects out of 1440 (max. 8388607)
 482 named destinations out of 1000 (max. 500000)
 725 words of extra memory for PDF output out of 10000 (max. 10000000)

